Arguments: 
  /Users/andyosei/.nvm/versions/node/v16.13.0/bin/node /usr/local/Cellar/yarn/1.22.18/libexec/bin/yarn.js add https://github.com/infinity-swap/DAB-js.git

PATH: 
  /Users/andyosei/.cabal/bin:/Users/andyosei/.ghcup/bin:/Users/andyosei/.nvm/versions/node/v16.13.0/bin:/Users/andyosei/google-cloud-sdk/bin:/Users/andyosei/Library/Android/sdk/emulator:/Users/andyosei/Library/Android/sdk/tools:/usr/local/opt/openjdk@8/bin:/Users/andyosei/.rvm/gems/ruby-2.7.2/bin:/Users/andyosei/.rvm/gems/ruby-2.7.2@global/bin:/Users/andyosei/.rvm/rubies/ruby-2.7.2/bin:/Users/andyosei/.cabal/bin:/Users/andyosei/.ghcup/bin:/Users/andyosei/.nvm/versions/node/v16.13.0/bin:/Users/andyosei/google-cloud-sdk/bin:/Users/andyosei/Library/Android/sdk/emulator:/Users/andyosei/Library/Android/sdk/tools:/usr/local/opt/openjdk@8/bin:/usr/local/bin:/usr/bin:/bin:/usr/sbin:/sbin:/Library/Apple/usr/bin:/Users/andyosei/.rvm/gems/ruby-2.7.2/bin:/Users/andyosei/.rvm/gems/ruby-2.7.2@global/bin:/Users/andyosei/.rvm/rubies/ruby-2.7.2/bin:/Users/andyosei/.cabal/bin:/Users/andyosei/.ghcup/bin:/Users/andyosei/.nvm/versions/node/v16.13.0/bin:/Users/andyosei/google-cloud-sdk/bin:/Users/andyosei/Library/Android/sdk/emulator:/Users/andyosei/Library/Android/sdk/tools:/usr/local/opt/openjdk@8/bin:/Users/andyosei/.cargo/bin:/Users/andyosei/flutter/bin:/Users/andyosei/.rvm/bin:/usr/local/opt/fzf/bin:/Users/andyosei/go/bin:/usr/local/opt/go/libexec/bin:/Users/andyosei/flutter/bin:/Users/andyosei/.rvm/bin:/Users/andyosei/go/bin:/usr/local/opt/go/libexec/bin:/Users/andyosei/flutter/bin:/Users/andyosei/.rvm/bin:/Users/andyosei/go/bin:/usr/local/opt/go/libexec/bin

Yarn version: 
  1.22.18

Node version: 
  16.13.0

Platform: 
  darwin x64

Trace: 
  SyntaxError: /Users/andyosei/Desktop/projects/infinity_swap/dab-test/ic/package.json: Unexpected token } in JSON at position 236
      at JSON.parse (<anonymous>)
      at /usr/local/Cellar/yarn/1.22.18/libexec/lib/cli.js:1625:59
      at Generator.next (<anonymous>)
      at step (/usr/local/Cellar/yarn/1.22.18/libexec/lib/cli.js:310:30)
      at /usr/local/Cellar/yarn/1.22.18/libexec/lib/cli.js:321:13

npm manifest: 
  {
    "name": "ic",
    "version": "1.0.0",
    "main": "index.js",
    "license": "MIT",
    "dependencies": {
      "@dfinity/agent": "^0.11.1",
      "@dfinity/candid": "^0.11.1",
      "@dfinity/principal": "^0.11.1",
      "node-fetch": "^3.2.3",
    }
  }

yarn manifest: 
  No manifest

Lockfile: 
  # THIS IS AN AUTOGENERATED FILE. DO NOT EDIT THIS FILE DIRECTLY.
  # yarn lockfile v1
  
  
  "@dfinity/agent@0.11.1", "@dfinity/agent@^0.11.1":
    version "0.11.1"
    resolved "https://registry.yarnpkg.com/@dfinity/agent/-/agent-0.11.1.tgz#e781bbacf122ecbbcf1eee46024aba5af1777e83"
    integrity sha512-Z1zw8l3d+AG3uu7d8G/Rd9Q5MWT9gB+Cori/Rqb6IjSEribRhL36ulCSkDYZJU/dhqSUp1VlvX5u51+wgv+MLg==
    dependencies:
      base64-arraybuffer "^0.2.0"
      bignumber.js "^9.0.0"
      borc "^2.1.1"
      js-sha256 "0.9.0"
      simple-cbor "^0.4.1"
  
  "@dfinity/candid@0.11.1", "@dfinity/candid@^0.11.1":
    version "0.11.1"
    resolved "https://registry.yarnpkg.com/@dfinity/candid/-/candid-0.11.1.tgz#43b79098a7f81bc9439b07014cf28c179037ceef"
    integrity sha512-EYZZg+x7OgZxa56D9SWMeTlaMb09HJ7wIfL42+l/e0lgrx+sTXYxKe8bM9FrUW9AWo9/gKkOGV/IxJL/Acncng==
  
  "@dfinity/identity@0.11.1":
    version "0.11.1"
    resolved "https://registry.yarnpkg.com/@dfinity/identity/-/identity-0.11.1.tgz#96ceb21e33eae25919a4955bebb33dc1722632d4"
    integrity sha512-at8BMq2cQSEvfBWh0NM81b0cwkHLiJJNEqd6wMkDEHFDVayZzOgJrpBgU9JY52q4JCp5Ow6xcR2DVfhgVZrD/g==
    dependencies:
      "@types/webappsec-credential-management" "^0.6.2"
      borc "^2.1.1"
      js-sha256 "^0.9.0"
      secp256k1 "^4.0.2"
      tweetnacl "^1.0.1"
  
  "@dfinity/principal@0.11.1", "@dfinity/principal@^0.11.1":
    version "0.11.1"
    resolved "https://registry.yarnpkg.com/@dfinity/principal/-/principal-0.11.1.tgz#b32eaab58a9e536217188f47da6528e47d50d035"
    integrity sha512-TlYkwq0fLwmY24X/vrw8mXNRYTkelkM0R5wGjhgK7au24zn7lcXYW3HG+se8YYWFICYY4prI1cS8/6N9z14qjg==
  
  "@psychedelic/dab-js@https://github.com/infinity-swap/DAB-js.git":
    version "1.2.2"
    resolved "https://github.com/infinity-swap/DAB-js.git#2c1445b470ab43ad2c6b01486628cce940b70ad4"
    dependencies:
      "@dfinity/agent" "0.11.1"
      "@dfinity/candid" "0.11.1"
      "@dfinity/identity" "0.11.1"
      "@dfinity/principal" "0.11.1"
      axios "^0.24.0"
      buffer-crc32 "^0.2.13"
      cross-fetch "^3.1.4"
      crypto-js "^4.1.1"
  
  "@trust/keyto@^0.3.4":
    version "0.3.7"
    resolved "https://registry.npmjs.org/@trust/keyto/-/keyto-0.3.7.tgz"
    integrity sha512-t5kWWCTkPgg24JWVuCTPMx7l13F7YHdxBeJkT1vmoHjROgiOIEAN8eeY+iRmP1Hwsx+S7U55HyuqSsECr08a8A==
    dependencies:
      asn1.js "^5.0.1"
      base64url "^3.0.1"
      elliptic "^6.4.1"
  
  "@trust/webcrypto@^0.9.2":
    version "0.9.2"
    resolved "https://registry.npmjs.org/@trust/webcrypto/-/webcrypto-0.9.2.tgz"
    integrity sha512-5iMAVcGYKhqLJGjefB1nzuQSqUJTru0nG4CytpBT/GGp1Piz/MVnj2jORdYf4JBYzggCIa8WZUr2rchP2Ngn/w==
    dependencies:
      "@trust/keyto" "^0.3.4"
      base64url "^3.0.0"
      elliptic "^6.4.0"
      node-rsa "^0.4.0"
      text-encoding "^0.6.1"
  
  "@types/webappsec-credential-management@^0.6.2":
    version "0.6.2"
    resolved "https://registry.yarnpkg.com/@types/webappsec-credential-management/-/webappsec-credential-management-0.6.2.tgz#93491de1ffcf57f6558c78949cc8e6c5d826b94e"
    integrity sha512-/6w8wmKQOFh+1CL99fcFhH7lli1/ExBdAawXsVPXFC5MBOS6ww/4cmK4crpCw51RaG6sTr477N17Y84l0G69IA==
  
  asn1.js@^5.0.1:
    version "5.4.1"
    resolved "https://registry.npmjs.org/asn1.js/-/asn1.js-5.4.1.tgz"
    integrity sha512-+I//4cYPccV8LdmBLiX8CYvf9Sp3vQsrqu2QNXRcrbiWvcx/UdlFiqUJJzxRQxgsZmvhXhn4cSKeSmoFjVdupA==
    dependencies:
      bn.js "^4.0.0"
      inherits "^2.0.1"
      minimalistic-assert "^1.0.0"
      safer-buffer "^2.1.0"
  
  asn1@0.2.3:
    version "0.2.3"
    resolved "https://registry.npmjs.org/asn1/-/asn1-0.2.3.tgz"
    integrity sha1-2sh4dxPJlmhJ/IGAd36+nB3fO4Y=
  
  axios@^0.24.0:
    version "0.24.0"
    resolved "https://registry.yarnpkg.com/axios/-/axios-0.24.0.tgz#804e6fa1e4b9c5288501dd9dff56a7a0940d20d6"
    integrity sha512-Q6cWsys88HoPgAaFAVUb0WpPk0O8iTeisR9IMqy9G8AbO4NlpVknrnQS03zzF9PGAWgO3cgletO3VjV/P7VztA==
    dependencies:
      follow-redirects "^1.14.4"
  
  base64-arraybuffer@^0.2.0:
    version "0.2.0"
    resolved "https://registry.npmjs.org/base64-arraybuffer/-/base64-arraybuffer-0.2.0.tgz"
    integrity sha512-7emyCsu1/xiBXgQZrscw/8KPRT44I4Yq9Pe6EGs3aPRTsWuggML1/1DTuZUuIaJPIm1FTDUVXl4x/yW8s0kQDQ==
  
  base64-js@^1.3.1:
    version "1.5.1"
    resolved "https://registry.npmjs.org/base64-js/-/base64-js-1.5.1.tgz"
    integrity sha512-AKpaYlHn8t4SVbOHCy+b5+KKgvR4vrsD8vbvrbiQJps7fKDTkjkDry6ji0rUJjC0kzbNePLwzxq8iypo41qeWA==
  
  base64url@^3.0.0, base64url@^3.0.1:
    version "3.0.1"
    resolved "https://registry.npmjs.org/base64url/-/base64url-3.0.1.tgz"
    integrity sha512-ir1UPr3dkwexU7FdV8qBBbNDRUhMmIekYMFZfi+C/sLNnRESKPl23nB9b2pltqfOQNnGzsDdId90AEtG5tCx4A==
  
  bignumber.js@^9.0.0:
    version "9.0.2"
    resolved "https://registry.npmjs.org/bignumber.js/-/bignumber.js-9.0.2.tgz"
    integrity sha512-GAcQvbpsM0pUb0zw1EI0KhQEZ+lRwR5fYaAp3vPOYuP7aDvGy6cVN6XHLauvF8SOga2y0dcLcjt3iQDTSEliyw==
  
  bn.js@^4.0.0, bn.js@^4.11.9:
    version "4.12.0"
    resolved "https://registry.npmjs.org/bn.js/-/bn.js-4.12.0.tgz"
    integrity sha512-c98Bf3tPniI+scsdk237ku1Dc3ujXQTSgyiPUDEOe7tRkhrqridvh8klBv0HCEso1OLOYcHuCv/cS6DNxKH+ZA==
  
  borc@^2.1.1:
    version "2.1.2"
    resolved "https://registry.npmjs.org/borc/-/borc-2.1.2.tgz"
    integrity sha512-Sy9eoUi4OiKzq7VovMn246iTo17kzuyHJKomCfpWMlI6RpfN1gk95w7d7gH264nApVLg0HZfcpz62/g4VH1Y4w==
    dependencies:
      bignumber.js "^9.0.0"
      buffer "^5.5.0"
      commander "^2.15.0"
      ieee754 "^1.1.13"
      iso-url "~0.4.7"
      json-text-sequence "~0.1.0"
      readable-stream "^3.6.0"
  
  brorand@^1.1.0:
    version "1.1.0"
    resolved "https://registry.npmjs.org/brorand/-/brorand-1.1.0.tgz"
    integrity sha1-EsJe/kCkXjwyPrhnWgoM5XsiNx8=
  
  buffer-crc32@^0.2.13:
    version "0.2.13"
    resolved "https://registry.yarnpkg.com/buffer-crc32/-/buffer-crc32-0.2.13.tgz#0d333e3f00eac50aa1454abd30ef8c2a5d9a7242"
    integrity sha1-DTM+PwDqxQqhRUq9MO+MKl2ackI=
  
  buffer@^5.5.0:
    version "5.7.1"
    resolved "https://registry.npmjs.org/buffer/-/buffer-5.7.1.tgz"
    integrity sha512-EHcyIPBQ4BSGlvjB16k5KgAJ27CIsHY/2JBmCRReo48y9rQ3MaUzWX3KVlBa4U7MyX02HdVj0K7C3WaB3ju7FQ==
    dependencies:
      base64-js "^1.3.1"
      ieee754 "^1.1.13"
  
  commander@^2.15.0:
    version "2.20.3"
    resolved "https://registry.npmjs.org/commander/-/commander-2.20.3.tgz"
    integrity sha512-GpVkmM8vF2vQUkj2LvZmD35JxeJOLCwJ9cUkugyk2nuhbv3+mJvpLYYt+0+USMxE+oj+ey/lJEnhZw75x/OMcQ==
  
  cross-fetch@^3.1.4:
    version "3.1.5"
    resolved "https://registry.yarnpkg.com/cross-fetch/-/cross-fetch-3.1.5.tgz#e1389f44d9e7ba767907f7af8454787952ab534f"
    integrity sha512-lvb1SBsI0Z7GDwmuid+mU3kWVBwTVUbe7S0H52yaaAdQOXq2YktTCZdlAcNKFzE6QtRz0snpw9bNiPeOIkkQvw==
    dependencies:
      node-fetch "2.6.7"
  
  crypto-js@^4.1.1:
    version "4.1.1"
    resolved "https://registry.yarnpkg.com/crypto-js/-/crypto-js-4.1.1.tgz#9e485bcf03521041bd85844786b83fb7619736cf"
    integrity sha512-o2JlM7ydqd3Qk9CA0L4NL6mTzU2sdx96a+oOfPu8Mkl/PK51vSyoi8/rQ8NknZtk44vq15lmhAj9CIAGwgeWKw==
  
  data-uri-to-buffer@^4.0.0:
    version "4.0.0"
    resolved "https://registry.npmjs.org/data-uri-to-buffer/-/data-uri-to-buffer-4.0.0.tgz"
    integrity sha512-Vr3mLBA8qWmcuschSLAOogKgQ/Jwxulv3RNE4FXnYWRGujzrRWQI4m12fQqRkwX06C0KanhLr4hK+GydchZsaA==
  
  delimit-stream@0.1.0:
    version "0.1.0"
    resolved "https://registry.npmjs.org/delimit-stream/-/delimit-stream-0.1.0.tgz"
    integrity sha1-m4MZR3wOX4rrPONXrjBfwl6hzSs=
  
  elliptic@^6.4.0, elliptic@^6.4.1, elliptic@^6.5.4:
    version "6.5.4"
    resolved "https://registry.npmjs.org/elliptic/-/elliptic-6.5.4.tgz"
    integrity sha512-iLhC6ULemrljPZb+QutR5TQGB+pdW6KGD5RSegS+8sorOZT+rdQFbsQFJgvN3eRqNALqJer4oQ16YvJHlU8hzQ==
    dependencies:
      bn.js "^4.11.9"
      brorand "^1.1.0"
      hash.js "^1.0.0"
      hmac-drbg "^1.0.1"
      inherits "^2.0.4"
      minimalistic-assert "^1.0.1"
      minimalistic-crypto-utils "^1.0.1"
  
  fetch-blob@^3.1.2, fetch-blob@^3.1.4:
    version "3.1.5"
    resolved "https://registry.npmjs.org/fetch-blob/-/fetch-blob-3.1.5.tgz"
    integrity sha512-N64ZpKqoLejlrwkIAnb9iLSA3Vx/kjgzpcDhygcqJ2KKjky8nCgUQ+dzXtbrLaWZGZNmNfQTsiQ0weZ1svglHg==
    dependencies:
      node-domexception "^1.0.0"
      web-streams-polyfill "^3.0.3"
  
  follow-redirects@^1.14.4:
    version "1.14.9"
    resolved "https://registry.yarnpkg.com/follow-redirects/-/follow-redirects-1.14.9.tgz#dd4ea157de7bfaf9ea9b3fbd85aa16951f78d8d7"
    integrity sha512-MQDfihBQYMcyy5dhRDJUHcw7lb2Pv/TuE6xP1vyraLukNDHKbDxDNaOE3NbCAdKQApno+GPRyo1YAp89yCjK4w==
  
  formdata-polyfill@^4.0.10:
    version "4.0.10"
    resolved "https://registry.npmjs.org/formdata-polyfill/-/formdata-polyfill-4.0.10.tgz"
    integrity sha512-buewHzMvYL29jdeQTVILecSaZKnt/RJWjoZCF5OW60Z67/GmSLBkOFM7qh1PI3zFNtJbaZL5eQu1vLfazOwj4g==
    dependencies:
      fetch-blob "^3.1.2"
  
  hash.js@^1.0.0, hash.js@^1.0.3:
    version "1.1.7"
    resolved "https://registry.npmjs.org/hash.js/-/hash.js-1.1.7.tgz"
    integrity sha512-taOaskGt4z4SOANNseOviYDvjEJinIkRgmp7LbKP2YTTmVxWBl87s/uzK9r+44BclBSp2X7K1hqeNfz9JbBeXA==
    dependencies:
      inherits "^2.0.3"
      minimalistic-assert "^1.0.1"
  
  hmac-drbg@^1.0.1:
    version "1.0.1"
    resolved "https://registry.npmjs.org/hmac-drbg/-/hmac-drbg-1.0.1.tgz"
    integrity sha1-0nRXAQJabHdabFRXk+1QL8DGSaE=
    dependencies:
      hash.js "^1.0.3"
      minimalistic-assert "^1.0.0"
      minimalistic-crypto-utils "^1.0.1"
  
  ieee754@^1.1.13:
    version "1.2.1"
    resolved "https://registry.npmjs.org/ieee754/-/ieee754-1.2.1.tgz"
    integrity sha512-dcyqhDvX1C46lXZcVqCpK+FtMRQVdIMN6/Df5js2zouUsqG7I6sFxitIC+7KYK29KdXOLHdu9zL4sFnoVQnqaA==
  
  inherits@^2.0.1, inherits@^2.0.3, inherits@^2.0.4:
    version "2.0.4"
    resolved "https://registry.npmjs.org/inherits/-/inherits-2.0.4.tgz"
    integrity sha512-k/vGaX4/Yla3WzyMCvTQOXYeIHvqOKtnqBduzTHpzpQZzAskKMhZ2K+EnBiSM9zGSoIFeMpXKxa4dYeZIQqewQ==
  
  iso-url@~0.4.7:
    version "0.4.7"
    resolved "https://registry.npmjs.org/iso-url/-/iso-url-0.4.7.tgz"
    integrity sha512-27fFRDnPAMnHGLq36bWTpKET+eiXct3ENlCcdcMdk+mjXrb2kw3mhBUg1B7ewAC0kVzlOPhADzQgz1SE6Tglog==
  
  js-sha256@0.9.0, js-sha256@^0.9.0:
    version "0.9.0"
    resolved "https://registry.npmjs.org/js-sha256/-/js-sha256-0.9.0.tgz"
    integrity sha512-sga3MHh9sgQN2+pJ9VYZ+1LPwXOxuBJBA5nrR5/ofPfuiJBE2hnjsaN8se8JznOmGLN2p49Pe5U/ttafcs/apA==
  
  json-text-sequence@~0.1.0:
    version "0.1.1"
    resolved "https://registry.npmjs.org/json-text-sequence/-/json-text-sequence-0.1.1.tgz"
    integrity sha1-py8hfcSvxGKf/1/rME3BvVGi89I=
    dependencies:
      delimit-stream "0.1.0"
  
  minimalistic-assert@^1.0.0, minimalistic-assert@^1.0.1:
    version "1.0.1"
    resolved "https://registry.npmjs.org/minimalistic-assert/-/minimalistic-assert-1.0.1.tgz"
    integrity sha512-UtJcAD4yEaGtjPezWuO9wC4nwUnVH/8/Im3yEHQP4b67cXlD/Qr9hdITCU1xDbSEXg2XKNaP8jsReV7vQd00/A==
  
  minimalistic-crypto-utils@^1.0.1:
    version "1.0.1"
    resolved "https://registry.npmjs.org/minimalistic-crypto-utils/-/minimalistic-crypto-utils-1.0.1.tgz"
    integrity sha1-9sAMHAsIIkblxNmd+4x8CDsrWCo=
  
  node-addon-api@^2.0.0:
    version "2.0.2"
    resolved "https://registry.yarnpkg.com/node-addon-api/-/node-addon-api-2.0.2.tgz#432cfa82962ce494b132e9d72a15b29f71ff5d32"
    integrity sha512-Ntyt4AIXyaLIuMHF6IOoTakB3K+RWxwtsHNRxllEoA6vPwP9o4866g6YWDLUdnucilZhmkxiHwHr11gAENw+QA==
  
  node-domexception@^1.0.0:
    version "1.0.0"
    resolved "https://registry.npmjs.org/node-domexception/-/node-domexception-1.0.0.tgz"
    integrity sha512-/jKZoMpw0F8GRwl4/eLROPA3cfcXtLApP0QzLmUT/HuPCZWyB7IY9ZrMeKw2O/nFIqPQB3PVM9aYm0F312AXDQ==
  
  node-fetch@2.6.7:
    version "2.6.7"
    resolved "https://registry.yarnpkg.com/node-fetch/-/node-fetch-2.6.7.tgz#24de9fba827e3b4ae44dc8b20256a379160052ad"
    integrity sha512-ZjMPFEfVx5j+y2yF35Kzx5sF7kDzxuDj6ziH4FFbOp87zKDZNx8yExJIb05OGF4Nlt9IHFIMBkRl41VdvcNdbQ==
    dependencies:
      whatwg-url "^5.0.0"
  
  node-fetch@^3.2.3:
    version "3.2.3"
    resolved "https://registry.npmjs.org/node-fetch/-/node-fetch-3.2.3.tgz"
    integrity sha512-AXP18u4pidSZ1xYXRDPY/8jdv3RAozIt/WLNR/MBGZAz+xjtlr90RvCnsvHQRiXyWliZF/CpytExp32UU67/SA==
    dependencies:
      data-uri-to-buffer "^4.0.0"
      fetch-blob "^3.1.4"
      formdata-polyfill "^4.0.10"
  
  node-gyp-build@^4.2.0:
    version "4.4.0"
    resolved "https://registry.yarnpkg.com/node-gyp-build/-/node-gyp-build-4.4.0.tgz#42e99687ce87ddeaf3a10b99dc06abc11021f3f4"
    integrity sha512-amJnQCcgtRVw9SvoebO3BKGESClrfXGCUTX9hSn1OuGQTQBOZmVd0Z0OlecpuRksKvbsUqALE8jls/ErClAPuQ==
  
  node-rsa@^0.4.0:
    version "0.4.2"
    resolved "https://registry.npmjs.org/node-rsa/-/node-rsa-0.4.2.tgz"
    integrity sha1-1jkXKewWqDDtWjgEKzFX0tXXJTA=
    dependencies:
      asn1 "0.2.3"
  
  readable-stream@^3.6.0:
    version "3.6.0"
    resolved "https://registry.npmjs.org/readable-stream/-/readable-stream-3.6.0.tgz"
    integrity sha512-BViHy7LKeTz4oNnkcLJ+lVSL6vpiFeX6/d3oSH8zCW7UxP2onchk+vTGB143xuFjHS3deTgkKoXXymXqymiIdA==
    dependencies:
      inherits "^2.0.3"
      string_decoder "^1.1.1"
      util-deprecate "^1.0.1"
  
  safe-buffer@~5.2.0:
    version "5.2.1"
    resolved "https://registry.npmjs.org/safe-buffer/-/safe-buffer-5.2.1.tgz"
    integrity sha512-rp3So07KcdmmKbGvgaNxQSJr7bGVSVk5S9Eq1F+ppbRo70+YeaDxkw5Dd8NPN+GD6bjnYm2VuPuCXmpuYvmCXQ==
  
  safer-buffer@^2.1.0:
    version "2.1.2"
    resolved "https://registry.npmjs.org/safer-buffer/-/safer-buffer-2.1.2.tgz"
    integrity sha512-YZo3K82SD7Riyi0E1EQPojLz7kpepnSQI9IyPbHHg1XXXevb5dJI7tpyN2ADxGcQbHG7vcyRHk0cbwqcQriUtg==
  
  secp256k1@^4.0.2:
    version "4.0.3"
    resolved "https://registry.yarnpkg.com/secp256k1/-/secp256k1-4.0.3.tgz#c4559ecd1b8d3c1827ed2d1b94190d69ce267303"
    integrity sha512-NLZVf+ROMxwtEj3Xa562qgv2BK5e2WNmXPiOdVIPLgs6lyTzMvBq0aWTYMI5XCP9jZMVKOcqZLw/Wc4vDkuxhA==
    dependencies:
      elliptic "^6.5.4"
      node-addon-api "^2.0.0"
      node-gyp-build "^4.2.0"
  
  simple-cbor@^0.4.1:
    version "0.4.1"
    resolved "https://registry.npmjs.org/simple-cbor/-/simple-cbor-0.4.1.tgz"
    integrity sha512-rijcxtwx2b4Bje3sqeIqw5EeW7UlOIC4YfOdwqIKacpvRQ/D78bWg/4/0m5e0U91oKvlGh7LlJuZCu07ISCC7w==
  
  string_decoder@^1.1.1:
    version "1.3.0"
    resolved "https://registry.npmjs.org/string_decoder/-/string_decoder-1.3.0.tgz"
    integrity sha512-hkRX8U1WjJFd8LsDJ2yQ/wWWxaopEsABU1XfkM8A+j0+85JAGppt16cr1Whg6KIbb4okU6Mql6BOj+uup/wKeA==
    dependencies:
      safe-buffer "~5.2.0"
  
  text-encoding@^0.6.1:
    version "0.6.4"
    resolved "https://registry.npmjs.org/text-encoding/-/text-encoding-0.6.4.tgz"
    integrity sha1-45mpgiV6J22uQou5KEXLcb3CbRk=
  
  text-encoding@^0.7.0:
    version "0.7.0"
    resolved "https://registry.npmjs.org/text-encoding/-/text-encoding-0.7.0.tgz"
    integrity sha512-oJQ3f1hrOnbRLOcwKz0Liq2IcrvDeZRHXhd9RgLrsT+DjWY/nty1Hi7v3dtkaEYbPYe0mUoOfzRrMwfXXwgPUA==
  
  tr46@~0.0.3:
    version "0.0.3"
    resolved "https://registry.yarnpkg.com/tr46/-/tr46-0.0.3.tgz#8184fd347dac9cdc185992f3a6622e14b9d9ab6a"
    integrity sha1-gYT9NH2snNwYWZLzpmIuFLnZq2o=
  
  tweetnacl@^1.0.1:
    version "1.0.3"
    resolved "https://registry.yarnpkg.com/tweetnacl/-/tweetnacl-1.0.3.tgz#ac0af71680458d8a6378d0d0d050ab1407d35596"
    integrity sha512-6rt+RN7aOi1nGMyC4Xa5DdYiukl2UWCbcJft7YhxReBGQD7OAM8Pbxw6YMo4r2diNEA8FEmu32YOn9rhaiE5yw==
  
  util-deprecate@^1.0.1:
    version "1.0.2"
    resolved "https://registry.npmjs.org/util-deprecate/-/util-deprecate-1.0.2.tgz"
    integrity sha1-RQ1Nyfpw3nMnYvvS1KKJgUGaDM8=
  
  web-streams-polyfill@^3.0.3:
    version "3.2.1"
    resolved "https://registry.npmjs.org/web-streams-polyfill/-/web-streams-polyfill-3.2.1.tgz"
    integrity sha512-e0MO3wdXWKrLbL0DgGnUV7WHVuw9OUvL4hjgnPkIeEvESk74gAITi5G606JtZPp39cd8HA9VQzCIvA49LpPN5Q==
  
  webidl-conversions@^3.0.0:
    version "3.0.1"
    resolved "https://registry.yarnpkg.com/webidl-conversions/-/webidl-conversions-3.0.1.tgz#24534275e2a7bc6be7bc86611cc16ae0a5654871"
    integrity sha1-JFNCdeKnvGvnvIZhHMFq4KVlSHE=
  
  whatwg-url@^5.0.0:
    version "5.0.0"
    resolved "https://registry.yarnpkg.com/whatwg-url/-/whatwg-url-5.0.0.tgz#966454e8765462e37644d3626f6742ce8b70965d"
    integrity sha1-lmRU6HZUYuN2RNNib2dCzotwll0=
    dependencies:
      tr46 "~0.0.3"
      webidl-conversions "^3.0.0"
